{"name": "test_sbis_to_tensor", "status": "broken", "statusDetails": {"message": "selenium.common.exceptions.TimeoutException: Message: \nStacktrace:\n\tGetHandleVerifier [0x00007FF72A449412+29090]\n\t(No symbol) [0x00007FF72A3BE239]\n\t(No symbol) [0x00007FF72A27B1DA]\n\t(No symbol) [0x00007FF72A2CEFE7]\n\t(No symbol) [0x00007FF72A2CF23C]\n\t(No symbol) [0x00007FF72A3197C7]\n\t(No symbol) [0x00007FF72A2F672F]\n\t(No symbol) [0x00007FF72A3165A2]\n\t(No symbol) [0x00007FF72A2F6493]\n\t(No symbol) [0x00007FF72A2C09D1]\n\t(No symbol) [0x00007FF72A2C1B31]\n\tGetHandleVerifier [0x00007FF72A76871D+3302573]\n\tGetHandleVerifier [0x00007FF72A7B4243+3612627]\n\tGetHandleVerifier [0x00007FF72A7AA417+3572135]\n\tGetHandleVerifier [0x00007FF72A505EB6+801862]\n\t(No symbol) [0x00007FF72A3C945F]\n\t(No symbol) [0x00007FF72A3C4FB4]\n\t(No symbol) [0x00007FF72A3C5140]\n\t(No symbol) [0x00007FF72A3B461F]\n\tBaseThreadInitThunk [0x00007FF9DD48257D+29]\n\tRtlUserThreadStart [0x00007FF9DDFEAA48+40]", "trace": "browser = <selenium.webdriver.chrome.webdriver.WebDriver (session=\"e7eaf369626b841a9364d790b118c9a3\")>\n\n    def test_sbis_to_tensor(browser):\n        sbis_page = SbisPage(browser)\n>       sbis_page.open_contacts()\n\ntests\\test_sbis_tensor.py:14: \n_ _ _ _ _ _ _ _ _ _ _ _ _ _ _ _ _ _ _ _ _ _ _ _ _ _ _ _ _ _ _ _ _ _ _ _ _ _ _ _ _ _ _ _ _ _ _ _ _ _ _ _ _ _ _ _ _ _ _ _ _ _ _ _ _ _ _ _ _ _ _ _ _ _ _ _ _ _ _ _ \npages\\sbis_page.py:12: in open_contacts\n    contacts_link = WebDriverWait(self.browser, 10).until(\n_ _ _ _ _ _ _ _ _ _ _ _ _ _ _ _ _ _ _ _ _ _ _ _ _ _ _ _ _ _ _ _ _ _ _ _ _ _ _ _ _ _ _ _ _ _ _ _ _ _ _ _ _ _ _ _ _ _ _ _ _ _ _ _ _ _ _ _ _ _ _ _ _ _ _ _ _ _ _ _ \n\nself = <selenium.webdriver.support.wait.WebDriverWait (session=\"e7eaf369626b841a9364d790b118c9a3\")>\nmethod = <function presence_of_element_located.<locals>._predicate at 0x000001FE48643240>, message = ''\n\n    def until(self, method: Callable[[D], Union[Literal[False], T]], message: str = \"\") -> T:\n        \"\"\"Calls the method provided with the driver as an argument until the \\\n        return value does not evaluate to ``False``.\n    \n        :param method: callable(WebDriver)\n        :param message: optional message for :exc:`TimeoutException`\n        :returns: the result of the last call to `method`\n        :raises: :exc:`selenium.common.exceptions.TimeoutException` if timeout occurs\n        \"\"\"\n        screen = None\n        stacktrace = None\n    \n        end_time = time.monotonic() + self._timeout\n        while True:\n            try:\n                value = method(self._driver)\n                if value:\n                    return value\n            except self._ignored_exceptions as exc:\n                screen = getattr(exc, \"screen\", None)\n                stacktrace = getattr(exc, \"stacktrace\", None)\n            time.sleep(self._poll)\n            if time.monotonic() > end_time:\n                break\n>       raise TimeoutException(message, screen, stacktrace)\nE       selenium.common.exceptions.TimeoutException: Message: \nE       Stacktrace:\nE       \tGetHandleVerifier [0x00007FF72A449412+29090]\nE       \t(No symbol) [0x00007FF72A3BE239]\nE       \t(No symbol) [0x00007FF72A27B1DA]\nE       \t(No symbol) [0x00007FF72A2CEFE7]\nE       \t(No symbol) [0x00007FF72A2CF23C]\nE       \t(No symbol) [0x00007FF72A3197C7]\nE       \t(No symbol) [0x00007FF72A2F672F]\nE       \t(No symbol) [0x00007FF72A3165A2]\nE       \t(No symbol) [0x00007FF72A2F6493]\nE       \t(No symbol) [0x00007FF72A2C09D1]\nE       \t(No symbol) [0x00007FF72A2C1B31]\nE       \tGetHandleVerifier [0x00007FF72A76871D+3302573]\nE       \tGetHandleVerifier [0x00007FF72A7B4243+3612627]\nE       \tGetHandleVerifier [0x00007FF72A7AA417+3572135]\nE       \tGetHandleVerifier [0x00007FF72A505EB6+801862]\nE       \t(No symbol) [0x00007FF72A3C945F]\nE       \t(No symbol) [0x00007FF72A3C4FB4]\nE       \t(No symbol) [0x00007FF72A3C5140]\nE       \t(No symbol) [0x00007FF72A3B461F]\nE       \tBaseThreadInitThunk [0x00007FF9DD48257D+29]\nE       \tRtlUserThreadStart [0x00007FF9DDFEAA48+40]\n\n.venv\\Lib\\site-packages\\selenium\\webdriver\\support\\wait.py:105: TimeoutException"}, "start": 1726051000080, "stop": 1726051010544, "uuid": "7a7c0ae9-727e-44dd-8af3-77a2aa1d0286", "historyId": "3de9c826c0ee96f9d65afc93b76eb0c2", "testCaseId": "3de9c826c0ee96f9d65afc93b76eb0c2", "fullName": "tests.test_sbis_tensor#test_sbis_to_tensor", "labels": [{"name": "parentSuite", "value": "tests"}, {"name": "suite", "value": "test_sbis_tensor"}, {"name": "host", "value": "DESKTOP-KORC463"}, {"name": "thread", "value": "15588-MainThread"}, {"name": "framework", "value": "pytest"}, {"name": "language", "value": "cpython3"}, {"name": "package", "value": "tests.test_sbis_tensor"}]}